<?xml version="1.0" encoding="UTF-8"?>
<testsuite name="models.HeroTest" tests="2" skipped="0" failures="0" errors="0" timestamp="2020-02-06T10:12:56" hostname="andrew-x1" time="0.003">
  <properties/>
  <testcase name="HeroInstatiatesWithName_true" classname="models.HeroTest" time="0.002"/>
  <testcase name="NewHeroObjectGetsCreatedCorrectly_true" classname="models.HeroTest" time="0.0"/>
  <system-out><![CDATA[]]></system-out>
  <system-err><![CDATA[]]></system-err>
</testsuite>
